<?xml version="1.0" encoding="UTF-8"?>
<!-- Generated by org.testng.reporters.JUnitReportReporter -->
<testsuite hostname="DESKTOP-NJ97IE9" failures="0" tests="4" name="api.testcases.UserTest2" time="7.394" errors="0" timestamp="2023-08-28T15:36:28 IST" skipped="0">
  <testcase classname="api.testcases.UserTest2" name="testCreateUser" time="2.805"/>
  <system-out/>
  <testcase classname="api.testcases.UserTest2" name="testGetUserData" time="1.127"/>
  <system-out/>
  <testcase classname="api.testcases.UserTest2" name="testUpdateUser" time="2.313"/>
  <system-out/>
  <testcase classname="api.testcases.UserTest2" name="testDeleteUser" time="1.149"/>
  <system-out/>
</testsuite> <!-- api.testcases.UserTest2 -->
