<?xml version="1.0" encoding="UTF-8"?>
<!-- Generated by org.testng.reporters.JUnitReportReporter -->
<testsuite hostname="DESKTOP-NJ97IE9" failures="0" tests="4" name="api.testcases.UserTest" time="7.154" errors="0" timestamp="2023-08-28T13:12:00 IST" skipped="0">
  <testcase classname="api.testcases.UserTest" name="testCreateUser" time="2.569"/>
  <system-out/>
  <testcase classname="api.testcases.UserTest" name="testGetUserData" time="1.130"/>
  <system-out/>
  <testcase classname="api.testcases.UserTest" name="testUpdateUser" time="2.303"/>
  <system-out/>
  <testcase classname="api.testcases.UserTest" name="testDeleteUser" time="1.152"/>
  <system-out/>
</testsuite> <!-- api.testcases.UserTest -->
