<?xml version="1.0" encoding="UTF-8"?>
<!-- Generated by org.testng.reporters.JUnitReportReporter -->
<testsuite hostname="DESKTOP-NJ97IE9" failures="0" tests="4" name="api.testcases.UserTest" time="7.309" errors="0" timestamp="2023-08-29T18:02:40 IST" skipped="0">
  <testcase classname="api.testcases.UserTest" name="testCreateUser" time="2.667"/>
  <system-out/>
  <testcase classname="api.testcases.UserTest" name="testGetUserData" time="1.215"/>
  <system-out/>
  <testcase classname="api.testcases.UserTest" name="testUpdateUser" time="2.272"/>
  <system-out/>
  <testcase classname="api.testcases.UserTest" name="testDeleteUser" time="1.155"/>
  <system-out/>
</testsuite> <!-- api.testcases.UserTest -->
